Using pre-set license
Built from '2020.3/release' branch; Version is '2020.3.7f1 (dd97f2c94397) revision 14522354'; Using compiler version '192528614'; Build Type 'Release'
OS: 'Windows 10 Home; OS build 19043.985; Version 2009; 64bit' Language: 'en' Physical Memory: 16295 MB
BatchMode: 1, IsHumanControllingUs: 0, StartBugReporterOnCrash: 0, Is64bit: 1, IsPro: 0

 COMMAND LINE ARGUMENTS:
F:\Program Files\Unity\2020.3.7f1\Editor\Unity.exe
-adb2
-batchMode
-noUpm
-name
AssetImportWorker0
-projectPath
F:/Program Files/Unity/Games/WorldGeneration
-logFile
Logs/AssetImportWorker0.log
-srvPort
56783
Successfully changed project path to: F:/Program Files/Unity/Games/WorldGeneration
F:/Program Files/Unity/Games/WorldGeneration
Using Asset Import Pipeline V2.
Refreshing native plugins compatible for Editor in 19.67 ms, found 0 plugins.
Preloading 0 native plugins for Editor in 0.00 ms.
Initialize engine version: 2020.3.7f1 (dd97f2c94397)
[Subsystems] Discovering subsystems at path F:/Program Files/Unity/2020.3.7f1/Editor/Data/Resources/UnitySubsystems
[Subsystems] Discovering subsystems at path F:/Program Files/Unity/Games/WorldGeneration/Assets
GfxDevice: creating device client; threaded=0
Direct3D:
    Version:  Direct3D 11.0 [level 11.1]
    Renderer: NVIDIA GeForce RTX 2070 SUPER (ID=0x1ec7)
    Vendor:   
    VRAM:     8011 MB
    Driver:   27.21.14.6089
Initialize mono
Mono path[0] = 'F:/Program Files/Unity/2020.3.7f1/Editor/Data/Managed'
Mono path[1] = 'F:/Program Files/Unity/2020.3.7f1/Editor/Data/MonoBleedingEdge/lib/mono/unityjit'
Mono config path = 'F:/Program Files/Unity/2020.3.7f1/Editor/Data/MonoBleedingEdge/etc'
Using monoOptions --debugger-agent=transport=dt_socket,embedding=1,server=y,suspend=n,address=127.0.0.1:56928
Begin MonoManager ReloadAssembly
Registering precompiled unity dll's ...
Register platform support module: F:/Program Files/Unity/2020.3.7f1/Editor/Data/PlaybackEngines/WindowsStandaloneSupport/UnityEditor.WindowsStandalone.Extensions.dll
Registered in 0.000808 seconds.
Native extension for WindowsStandalone target not found
Refreshing native plugins compatible for Editor in 20.52 ms, found 0 plugins.
Preloading 0 native plugins for Editor in 0.00 ms.
Mono: successfully reloaded assembly
- Completed reload, in  0.767 seconds
Platform modules already initialized, skipping
Registering precompiled user dll's ...
Registered in 0.000383 seconds.
Begin MonoManager ReloadAssembly
Native extension for WindowsStandalone target not found
Refreshing native plugins compatible for Editor in 0.16 ms, found 0 plugins.
Preloading 0 native plugins for Editor in 0.00 ms.
Mono: successfully reloaded assembly
- Completed reload, in  0.675 seconds
Platform modules already initialized, skipping
========================================================================
Worker process is ready to serve import requests
Launched and connected shader compiler UnityShaderCompiler.exe after 0.04 seconds
Refreshing native plugins compatible for Editor in 0.18 ms, found 0 plugins.
Preloading 0 native plugins for Editor in 0.00 ms.
Unloading 1115 Unused Serialized files (Serialized files now loaded: 0)
System memory in use before: 57.1 MB.
System memory in use after: 57.1 MB.

Unloading 10 unused Assets to reduce memory usage. Loaded Objects now: 1557.
Total: 1.455100 ms (FindLiveObjects: 0.105200 ms CreateObjectMapping: 0.035300 ms MarkObjects: 1.258200 ms  DeleteObjects: 0.055500 ms)

========================================================================
Received Import Request.
  path: Assets/Scenes
  artifactKey: Guid(8fc2a0edaef7e854cabd9c0a07a64601) Importer(815301076,1909f56bfc062723c751e8b465ee728b)
Start importing Assets/Scenes using Guid(8fc2a0edaef7e854cabd9c0a07a64601) Importer(815301076,1909f56bfc062723c751e8b465ee728b)  -> (artifact id: '7bef79dc9d606a76613d79a6fe1b7318') in 0.024008 seconds
  Import took 0.025428 seconds .

========================================================================
Received Prepare
Registering precompiled user dll's ...
Registered in 0.000347 seconds.
Begin MonoManager ReloadAssembly
Native extension for WindowsStandalone target not found
Refreshing native plugins compatible for Editor in 0.18 ms, found 0 plugins.
Preloading 0 native plugins for Editor in 0.00 ms.
Mono: successfully reloaded assembly
- Completed reload, in  0.630 seconds
Platform modules already initialized, skipping
Refreshing native plugins compatible for Editor in 0.15 ms, found 0 plugins.
Preloading 0 native plugins for Editor in 0.00 ms.
Unloading 1113 Unused Serialized files (Serialized files now loaded: 0)
System memory in use before: 57.2 MB.
System memory in use after: 57.2 MB.

Unloading 5 unused Assets to reduce memory usage. Loaded Objects now: 1563.
Total: 1.281800 ms (FindLiveObjects: 0.106400 ms CreateObjectMapping: 0.029000 ms MarkObjects: 1.107900 ms  DeleteObjects: 0.037500 ms)

========================================================================
Received Import Request.
  Time since last request: 28.622575 seconds.
  path: Assets/Scenes/MeshGenerator.cs
  artifactKey: Guid(0ef587d19a8ceb3478b7257b5ed64cd8) Importer(815301076,1909f56bfc062723c751e8b465ee728b)
Start importing Assets/Scenes/MeshGenerator.cs using Guid(0ef587d19a8ceb3478b7257b5ed64cd8) Importer(815301076,1909f56bfc062723c751e8b465ee728b)  -> (artifact id: '510e8fd8b9db8a171ec7f44e792889f4') in 0.083089 seconds
  Import took 0.113782 seconds .

========================================================================
Received Import Request.
  Time since last request: 0.000249 seconds.
  path: Assets/Scenes/FastNoiseLite.cs
  artifactKey: Guid(dd99afa4b92b7fb4daf942517b5a26a1) Importer(815301076,1909f56bfc062723c751e8b465ee728b)
Start importing Assets/Scenes/FastNoiseLite.cs using Guid(dd99afa4b92b7fb4daf942517b5a26a1) Importer(815301076,1909f56bfc062723c751e8b465ee728b)  -> (artifact id: 'bbec87f9c0e628bbae621595d3676693') in 0.005018 seconds
  Import took 0.044719 seconds .

========================================================================
Received Import Request.
  Time since last request: 0.786382 seconds.
  path: Assets/Scenes/TriangulationTable.cs
  artifactKey: Guid(6289b133db6298646a864b18a6993ec5) Importer(815301076,1909f56bfc062723c751e8b465ee728b)
Start importing Assets/Scenes/TriangulationTable.cs using Guid(6289b133db6298646a864b18a6993ec5) Importer(815301076,1909f56bfc062723c751e8b465ee728b)  -> (artifact id: '41ebc202e2a006d802316479c21be0de') in 0.005311 seconds
  Import took 0.007081 seconds .

========================================================================
Received Import Request.
  Time since last request: 1.667464 seconds.
  path: Assets
  artifactKey: Guid(00000000000000001000000000000000) Importer(815301076,1909f56bfc062723c751e8b465ee728b)
Start importing Assets using Guid(00000000000000001000000000000000) Importer(815301076,1909f56bfc062723c751e8b465ee728b)  -> (artifact id: '5f6a1853b736837ecfb0820a881449cb') in 0.006022 seconds
  Import took 0.007722 seconds .

========================================================================
Received Import Request.
  Time since last request: 4.718891 seconds.
  path: Assets/Scripts
  artifactKey: Guid(710dec568ef89af408733373ca77521d) Importer(815301076,1909f56bfc062723c751e8b465ee728b)
Start importing Assets/Scripts using Guid(710dec568ef89af408733373ca77521d) Importer(815301076,1909f56bfc062723c751e8b465ee728b)  -> (artifact id: '847adc8d770c2e62cb8560afce600ad2') in 0.005986 seconds
  Import took 0.029972 seconds .

========================================================================
Received Prepare
Registering precompiled user dll's ...
Registered in 0.000396 seconds.
Begin MonoManager ReloadAssembly
Native extension for WindowsStandalone target not found
Refreshing native plugins compatible for Editor in 0.16 ms, found 0 plugins.
Preloading 0 native plugins for Editor in 0.00 ms.
Mono: successfully reloaded assembly
- Completed reload, in  0.632 seconds
Platform modules already initialized, skipping
Refreshing native plugins compatible for Editor in 0.16 ms, found 0 plugins.
Preloading 0 native plugins for Editor in 0.00 ms.
Unloading 1113 Unused Serialized files (Serialized files now loaded: 0)
System memory in use before: 57.2 MB.
System memory in use after: 57.3 MB.

Unloading 5 unused Assets to reduce memory usage. Loaded Objects now: 1566.
Total: 1.211500 ms (FindLiveObjects: 0.096200 ms CreateObjectMapping: 0.031400 ms MarkObjects: 1.047900 ms  DeleteObjects: 0.035000 ms)

========================================================================
Received Import Request.
  Time since last request: 15.084325 seconds.
  path: Assets/Scenes/MeshGenerationTesting.unity
  artifactKey: Guid(bd4ad1148cf7fc74b965ba7dcd072fdf) Importer(815301076,1909f56bfc062723c751e8b465ee728b)
Start importing Assets/Scenes/MeshGenerationTesting.unity using Guid(bd4ad1148cf7fc74b965ba7dcd072fdf) Importer(815301076,1909f56bfc062723c751e8b465ee728b)  -> (artifact id: '569e9b260207d0653a0d73d70363ded5') in 0.008564 seconds
  Import took 0.027555 seconds .

AssetImportWorkerClient::OnTransportError - code=2 error=End of file
